Release 14.7 - xst P.20131013 (nt64)
Copyright (c) 1995-2013 Xilinx, Inc.  All rights reserved.
--> Parameter TMPDIR set to xst/projnav.tmp


Total REAL time to Xst completion: 0.00 secs
Total CPU time to Xst completion: 0.33 secs
 
--> Parameter xsthdpdir set to xst


Total REAL time to Xst completion: 0.00 secs
Total CPU time to Xst completion: 0.33 secs
 
--> Reading design: Debouncer.prj

TABLE OF CONTENTS
  1) Synthesis Options Summary
  2) HDL Parsing
  3) HDL Elaboration
  4) HDL Synthesis
       4.1) HDL Synthesis Report
  5) Advanced HDL Synthesis
       5.1) Advanced HDL Synthesis Report
  6) Low Level Synthesis
  7) Partition Report
  8) Design Summary
       8.1) Primitive and Black Box Usage
       8.2) Device utilization summary
       8.3) Partition Resource Summary
       8.4) Timing Report
            8.4.1) Clock Information
            8.4.2) Asynchronous Control Signals Information
            8.4.3) Timing Summary
            8.4.4) Timing Details
            8.4.5) Cross Clock Domains Report


=========================================================================
*                      Synthesis Options Summary                        *
=========================================================================
---- Source Parameters
Input File Name                    : "Debouncer.prj"
Ignore Synthesis Constraint File   : NO

---- Target Parameters
Output File Name                   : "Debouncer"
Output Format                      : NGC
Target Device                      : xc6slx16-3-csg324

---- Source Options
Top Module Name                    : Debouncer
Automatic FSM Extraction           : YES
FSM Encoding Algorithm             : Auto
Safe Implementation                : No
FSM Style                          : LUT
RAM Extraction                     : Yes
RAM Style                          : Auto
ROM Extraction                     : Yes
Shift Register Extraction          : YES
ROM Style                          : Auto
Resource Sharing                   : YES
Asynchronous To Synchronous        : NO
Shift Register Minimum Size        : 2
Use DSP Block                      : Auto
Automatic Register Balancing       : No

---- Target Options
LUT Combining                      : Auto
Reduce Control Sets                : Auto
Add IO Buffers                     : YES
Global Maximum Fanout              : 100000
Add Generic Clock Buffer(BUFG)     : 16
Register Duplication               : YES
Optimize Instantiated Primitives   : NO
Use Clock Enable                   : Auto
Use Synchronous Set                : Auto
Use Synchronous Reset              : Auto
Pack IO Registers into IOBs        : Auto
Equivalent register Removal        : YES

---- General Options
Optimization Goal                  : Speed
Optimization Effort                : 1
Power Reduction                    : NO
Keep Hierarchy                     : No
Netlist Hierarchy                  : As_Optimized
RTL Output                         : Yes
Global Optimization                : AllClockNets
Read Cores                         : YES
Write Timing Constraints           : NO
Cross Clock Analysis               : NO
Hierarchy Separator                : /
Bus Delimiter                      : <>
Case Specifier                     : Maintain
Slice Utilization Ratio            : 100
BRAM Utilization Ratio             : 100
DSP48 Utilization Ratio            : 100
Auto BRAM Packing                  : NO
Slice Utilization Ratio Delta      : 5

=========================================================================


=========================================================================
*                          HDL Parsing                                  *
=========================================================================
Analyzing Verilog file "E:\Documents\Digital\ComputerDesign1\ClockCounter.v" into library work
Parsing module <Timer>.
Analyzing Verilog file "E:\Documents\Digital\ComputerDesign1\Debouncer.v" into library work
Parsing module <Debouncer>.

=========================================================================
*                            HDL Elaboration                            *
=========================================================================

Elaborating module <Debouncer>.

Elaborating module <Timer>.
WARNING:HDLCompiler:413 - "E:\Documents\Digital\ComputerDesign1\Debouncer.v" Line 43: Result of 9-bit expression is truncated to fit in 8-bit target.
WARNING:HDLCompiler:413 - "E:\Documents\Digital\ComputerDesign1\Debouncer.v" Line 59: Result of 9-bit expression is truncated to fit in 8-bit target.

=========================================================================
*                           HDL Synthesis                               *
=========================================================================

Synthesizing Unit <Debouncer>.
    Related source file is "E:\Documents\Digital\ComputerDesign1\Debouncer.v".
        interval = 100000
        width = 16
        acceptable = 10
    Found 1-bit register for signal <y>.
    Found 8-bit adder for signal <count[7]_GND_1_o_add_6_OUT> created at line 59.
    Found 8-bit comparator lessequal for signal <n0002> created at line 47
    Found 8-bit comparator greater for signal <GND_1_o_INV_36_o> created at line 63
    Summary:
	inferred   1 Adder/Subtractor(s).
	inferred   1 D-type flip-flop(s).
	inferred   2 Comparator(s).
	inferred   6 Multiplexer(s).
Unit <Debouncer> synthesized.

Synthesizing Unit <Timer>.
    Related source file is "E:\Documents\Digital\ComputerDesign1\ClockCounter.v".
        width = 31
    Found 32-bit register for signal <count>.
    Found 32-bit register for signal <lastMax>.
    Found 1-bit register for signal <Z>.
    Found finite state machine <FSM_0> for signal <lastMax>.
    -----------------------------------------------------------------------
    | States             | 1                                              |
    | Transitions        | 1                                              |
    | Inputs             | 0                                              |
    | Outputs            | 1                                              |
    | Clock              | clock (rising_edge)                            |
    | Reset              | reset (positive)                               |
    | Reset type         | asynchronous                                   |
    | Reset State        | 00000000000000011000011010100000               |
    | Encoding           | auto                                           |
    | Implementation     | LUT                                            |
    -----------------------------------------------------------------------
    Found 32-bit adder for signal <count[31]_GND_2_o_add_2_OUT> created at line 38.
    Summary:
	inferred   1 Adder/Subtractor(s).
	inferred  33 D-type flip-flop(s).
	inferred   3 Multiplexer(s).
	inferred   1 Finite State Machine(s).
Unit <Timer> synthesized.

=========================================================================
HDL Synthesis Report

Macro Statistics
# Adders/Subtractors                                   : 2
 32-bit adder                                          : 1
 8-bit adder                                           : 1
# Registers                                            : 3
 1-bit register                                        : 2
 32-bit register                                       : 1
# Comparators                                          : 2
 8-bit comparator greater                              : 1
 8-bit comparator lessequal                            : 1
# Multiplexers                                         : 9
 1-bit 2-to-1 multiplexer                              : 2
 32-bit 2-to-1 multiplexer                             : 2
 8-bit 2-to-1 multiplexer                              : 5
# FSMs                                                 : 1

=========================================================================

=========================================================================
*                       Advanced HDL Synthesis                          *
=========================================================================


=========================================================================
Advanced HDL Synthesis Report

Macro Statistics
# Adders/Subtractors                                   : 2
 32-bit adder                                          : 1
 8-bit adder                                           : 1
# Registers                                            : 34
 Flip-Flops                                            : 34
# Comparators                                          : 2
 8-bit comparator greater                              : 1
 8-bit comparator lessequal                            : 1
# Multiplexers                                         : 9
 1-bit 2-to-1 multiplexer                              : 2
 32-bit 2-to-1 multiplexer                             : 2
 8-bit 2-to-1 multiplexer                              : 5
# FSMs                                                 : 1

=========================================================================

=========================================================================
*                         Low Level Synthesis                           *
=========================================================================
Analyzing FSM <MFsm> for best encoding.
Optimizing FSM <a/FSM_0> on signal <lastMax[1:0]> with sequential encoding.
----------------------------------------------
 State                            | Encoding
----------------------------------------------
 00000000000000011000011010100000 | 
----------------------------------------------
WARNING:Xst:2170 - Unit Debouncer : the following signal(s) form a combinatorial loop: GND_1_o_INV_36_o, Y, Madd_count[7]_GND_1_o_add_6_OUT_lut<7>, GND_1_o_count[7]_mux_7_OUT<7>, count[7]_GND_1_o_add_6_OUT<7>.

Optimizing unit <Debouncer> ...

Optimizing unit <Timer> ...
WARNING:Xst:1710 - FF/Latch <a/count_31> (without init value) has a constant value of 0 in block <Debouncer>. This FF/Latch will be trimmed during the optimization process.
WARNING:Xst:1895 - Due to other FF/Latch trimming, FF/Latch <a/count_30> (without init value) has a constant value of 0 in block <Debouncer>. This FF/Latch will be trimmed during the optimization process.
WARNING:Xst:1895 - Due to other FF/Latch trimming, FF/Latch <a/count_29> (without init value) has a constant value of 0 in block <Debouncer>. This FF/Latch will be trimmed during the optimization process.
WARNING:Xst:1895 - Due to other FF/Latch trimming, FF/Latch <a/count_28> (without init value) has a constant value of 0 in block <Debouncer>. This FF/Latch will be trimmed during the optimization process.
WARNING:Xst:1895 - Due to other FF/Latch trimming, FF/Latch <a/count_27> (without init value) has a constant value of 0 in block <Debouncer>. This FF/Latch will be trimmed during the optimization process.
WARNING:Xst:1895 - Due to other FF/Latch trimming, FF/Latch <a/count_26> (without init value) has a constant value of 0 in block <Debouncer>. This FF/Latch will be trimmed during the optimization process.
WARNING:Xst:1895 - Due to other FF/Latch trimming, FF/Latch <a/count_25> (without init value) has a constant value of 0 in block <Debouncer>. This FF/Latch will be trimmed during the optimization process.
WARNING:Xst:1895 - Due to other FF/Latch trimming, FF/Latch <a/count_24> (without init value) has a constant value of 0 in block <Debouncer>. This FF/Latch will be trimmed during the optimization process.
WARNING:Xst:1895 - Due to other FF/Latch trimming, FF/Latch <a/count_23> (without init value) has a constant value of 0 in block <Debouncer>. This FF/Latch will be trimmed during the optimization process.
WARNING:Xst:1895 - Due to other FF/Latch trimming, FF/Latch <a/count_22> (without init value) has a constant value of 0 in block <Debouncer>. This FF/Latch will be trimmed during the optimization process.
WARNING:Xst:1895 - Due to other FF/Latch trimming, FF/Latch <a/count_21> (without init value) has a constant value of 0 in block <Debouncer>. This FF/Latch will be trimmed during the optimization process.
WARNING:Xst:1895 - Due to other FF/Latch trimming, FF/Latch <a/count_20> (without init value) has a constant value of 0 in block <Debouncer>. This FF/Latch will be trimmed during the optimization process.
WARNING:Xst:1895 - Due to other FF/Latch trimming, FF/Latch <a/count_19> (without init value) has a constant value of 0 in block <Debouncer>. This FF/Latch will be trimmed during the optimization process.
WARNING:Xst:1895 - Due to other FF/Latch trimming, FF/Latch <a/count_18> (without init value) has a constant value of 0 in block <Debouncer>. This FF/Latch will be trimmed during the optimization process.
WARNING:Xst:1895 - Due to other FF/Latch trimming, FF/Latch <a/count_17> (without init value) has a constant value of 0 in block <Debouncer>. This FF/Latch will be trimmed during the optimization process.

Mapping all equations...
Building and optimizing final netlist ...
Found area constraint ratio of 100 (+ 5) on block Debouncer, actual ratio is 0.

Final Macro Processing ...

=========================================================================
Final Register Report

Macro Statistics
# Registers                                            : 19
 Flip-Flops                                            : 19

=========================================================================

=========================================================================
*                           Partition Report                            *
=========================================================================

Partition Implementation Status
-------------------------------

  No Partitions were found in this design.

-------------------------------

=========================================================================
*                            Design Summary                             *
=========================================================================

Top Level Output File Name         : Debouncer.ngc

Primitive and Black Box Usage:
------------------------------
# BELS                             : 81
#      GND                         : 1
#      INV                         : 1
#      LUT1                        : 16
#      LUT2                        : 1
#      LUT3                        : 6
#      LUT4                        : 5
#      LUT5                        : 3
#      LUT6                        : 12
#      MUXCY                       : 17
#      VCC                         : 1
#      XORCY                       : 18
# FlipFlops/Latches                : 19
#      FD                          : 1
#      FDC                         : 18
# Clock Buffers                    : 1
#      BUFGP                       : 1
# IO Buffers                       : 4
#      IBUF                        : 2
#      OBUF                        : 2

Device utilization summary:
---------------------------

Selected Device : 6slx16csg324-3 


Slice Logic Utilization: 
 Number of Slice Registers:              19  out of  18224     0%  
 Number of Slice LUTs:                   44  out of   9112     0%  
    Number used as Logic:                44  out of   9112     0%  

Slice Logic Distribution: 
 Number of LUT Flip Flop pairs used:     44
   Number with an unused Flip Flop:      25  out of     44    56%  
   Number with an unused LUT:             0  out of     44     0%  
   Number of fully used LUT-FF pairs:    19  out of     44    43%  
   Number of unique control sets:         2

IO Utilization: 
 Number of IOs:                           5
 Number of bonded IOBs:                   5  out of    232     2%  

Specific Feature Utilization:
 Number of BUFG/BUFGCTRLs:                1  out of     16     6%  

---------------------------
Partition Resource Summary:
---------------------------

  No Partitions were found in this design.

---------------------------


=========================================================================
Timing Report

NOTE: THESE TIMING NUMBERS ARE ONLY A SYNTHESIS ESTIMATE.
      FOR ACCURATE TIMING INFORMATION PLEASE REFER TO THE TRACE REPORT
      GENERATED AFTER PLACE-and-ROUTE.

Clock Information:
------------------
-----------------------------------+------------------------+-------+
Clock Signal                       | Clock buffer(FF name)  | Load  |
-----------------------------------+------------------------+-------+
a/Z                                | NONE(y)                | 1     |
clk                                | BUFGP                  | 18    |
-----------------------------------+------------------------+-------+
INFO:Xst:2169 - HDL ADVISOR - Some clock signals were not automatically buffered by XST with BUFG/BUFR resources. Please use the buffer_type constraint in order to insert these buffers to the clock signals to help prevent skew problems.

Asynchronous Control Signals Information:
----------------------------------------
No asynchronous control signals found in this design

Timing Summary:
---------------
Speed Grade: -3

   Minimum period: 5.366ns (Maximum Frequency: 186.343MHz)
   Minimum input arrival time before clock: 6.158ns
   Maximum output required time after clock: 3.668ns
   Maximum combinational path delay: No path found

Timing Details:
---------------
All values displayed in nanoseconds (ns)

=========================================================================
Timing constraint: Default period analysis for Clock 'a/Z'
  Clock period: 5.366ns (frequency: 186.343MHz)
  Total number of paths / destination ports: 2 / 1
-------------------------------------------------------------------------
Delay:               5.366ns (Levels of Logic = 4)
  Source:            y (FF)
  Destination:       y (FF)
  Source Clock:      a/Z rising
  Destination Clock: a/Z rising

  Data Path: y to y
                                Gate     Net
    Cell:in->out      fanout   Delay   Delay  Logical Name (Net Name)
    ----------------------------------------  ------------
     FD:C->Q               3   0.447   0.879  y (y)
     LUT4:I1->O           10   0.205   1.201  Mmux_count111 (Mmux_count11)
     LUT5:I0->O            5   0.203   1.059  Madd_count[7]_GND_1_o_add_6_OUT_xor<4>11 (count[7]_GND_1_o_add_6_OUT<4>)
     LUT5:I0->O            2   0.203   0.864  GND_1_o_INV_36_o1 (GND_1_o_INV_36_o)
     LUT4:I0->O            1   0.203   0.000  Mmux_Y11 (Y)
     FD:D                      0.102          y
    ----------------------------------------
    Total                      5.366ns (1.363ns logic, 4.003ns route)
                                       (25.4% logic, 74.6% route)

=========================================================================
Timing constraint: Default period analysis for Clock 'clk'
  Clock period: 4.101ns (frequency: 243.822MHz)
  Total number of paths / destination ports: 1310 / 18
-------------------------------------------------------------------------
Delay:               4.101ns (Levels of Logic = 18)
  Source:            a/count_0 (FF)
  Destination:       a/count_16 (FF)
  Source Clock:      clk rising
  Destination Clock: clk rising

  Data Path: a/count_0 to a/count_16
                                Gate     Net
    Cell:in->out      fanout   Delay   Delay  Logical Name (Net Name)
    ----------------------------------------  ------------
     FDC:C->Q              1   0.447   0.579  a/count_0 (a/count_0)
     INV:I->O              1   0.206   0.000  a/Madd_count[31]_GND_2_o_add_2_OUT_lut<0>_INV_0 (a/Madd_count[31]_GND_2_o_add_2_OUT_lut<0>)
     MUXCY:S->O            1   0.172   0.000  a/Madd_count[31]_GND_2_o_add_2_OUT_cy<0> (a/Madd_count[31]_GND_2_o_add_2_OUT_cy<0>)
     MUXCY:CI->O           1   0.019   0.000  a/Madd_count[31]_GND_2_o_add_2_OUT_cy<1> (a/Madd_count[31]_GND_2_o_add_2_OUT_cy<1>)
     MUXCY:CI->O           1   0.019   0.000  a/Madd_count[31]_GND_2_o_add_2_OUT_cy<2> (a/Madd_count[31]_GND_2_o_add_2_OUT_cy<2>)
     MUXCY:CI->O           1   0.019   0.000  a/Madd_count[31]_GND_2_o_add_2_OUT_cy<3> (a/Madd_count[31]_GND_2_o_add_2_OUT_cy<3>)
     MUXCY:CI->O           1   0.019   0.000  a/Madd_count[31]_GND_2_o_add_2_OUT_cy<4> (a/Madd_count[31]_GND_2_o_add_2_OUT_cy<4>)
     MUXCY:CI->O           1   0.019   0.000  a/Madd_count[31]_GND_2_o_add_2_OUT_cy<5> (a/Madd_count[31]_GND_2_o_add_2_OUT_cy<5>)
     MUXCY:CI->O           1   0.019   0.000  a/Madd_count[31]_GND_2_o_add_2_OUT_cy<6> (a/Madd_count[31]_GND_2_o_add_2_OUT_cy<6>)
     MUXCY:CI->O           1   0.019   0.000  a/Madd_count[31]_GND_2_o_add_2_OUT_cy<7> (a/Madd_count[31]_GND_2_o_add_2_OUT_cy<7>)
     MUXCY:CI->O           1   0.019   0.000  a/Madd_count[31]_GND_2_o_add_2_OUT_cy<8> (a/Madd_count[31]_GND_2_o_add_2_OUT_cy<8>)
     MUXCY:CI->O           1   0.019   0.000  a/Madd_count[31]_GND_2_o_add_2_OUT_cy<9> (a/Madd_count[31]_GND_2_o_add_2_OUT_cy<9>)
     MUXCY:CI->O           1   0.019   0.000  a/Madd_count[31]_GND_2_o_add_2_OUT_cy<10> (a/Madd_count[31]_GND_2_o_add_2_OUT_cy<10>)
     MUXCY:CI->O           1   0.019   0.000  a/Madd_count[31]_GND_2_o_add_2_OUT_cy<11> (a/Madd_count[31]_GND_2_o_add_2_OUT_cy<11>)
     MUXCY:CI->O           1   0.019   0.000  a/Madd_count[31]_GND_2_o_add_2_OUT_cy<12> (a/Madd_count[31]_GND_2_o_add_2_OUT_cy<12>)
     MUXCY:CI->O           1   0.019   0.000  a/Madd_count[31]_GND_2_o_add_2_OUT_cy<13> (a/Madd_count[31]_GND_2_o_add_2_OUT_cy<13>)
     XORCY:CI->O           3   0.180   0.879  a/Madd_count[31]_GND_2_o_add_2_OUT_xor<14> (a/count[31]_GND_2_o_add_2_OUT<14>)
     LUT3:I0->O            3   0.205   0.879  a/Mmux_count[31]_GND_2_o_mux_5_OUT71_SW0 (N17)
     LUT6:I3->O            1   0.205   0.000  a/Mmux_count[31]_GND_2_o_mux_5_OUT71 (a/count[31]_GND_2_o_mux_5_OUT<15>)
     FDC:D                     0.102          a/count_15
    ----------------------------------------
    Total                      4.101ns (1.764ns logic, 2.337ns route)
                                       (43.0% logic, 57.0% route)

=========================================================================
Timing constraint: Default OFFSET IN BEFORE for Clock 'a/Z'
  Total number of paths / destination ports: 3 / 1
-------------------------------------------------------------------------
Offset:              6.158ns (Levels of Logic = 5)
  Source:            in (PAD)
  Destination:       y (FF)
  Destination Clock: a/Z rising

  Data Path: in to y
                                Gate     Net
    Cell:in->out      fanout   Delay   Delay  Logical Name (Net Name)
    ----------------------------------------  ------------
     IBUF:I->O             3   1.222   0.898  in_IBUF (in_IBUF)
     LUT4:I0->O           10   0.203   1.201  Mmux_count111 (Mmux_count11)
     LUT5:I0->O            5   0.203   1.059  Madd_count[7]_GND_1_o_add_6_OUT_xor<4>11 (count[7]_GND_1_o_add_6_OUT<4>)
     LUT5:I0->O            2   0.203   0.864  GND_1_o_INV_36_o1 (GND_1_o_INV_36_o)
     LUT4:I0->O            1   0.203   0.000  Mmux_Y11 (Y)
     FD:D                      0.102          y
    ----------------------------------------
    Total                      6.158ns (2.136ns logic, 4.022ns route)
                                       (34.7% logic, 65.3% route)

=========================================================================
Timing constraint: Default OFFSET IN BEFORE for Clock 'clk'
  Total number of paths / destination ports: 18 / 18
-------------------------------------------------------------------------
Offset:              2.701ns (Levels of Logic = 1)
  Source:            reset (PAD)
  Destination:       a/count_16 (FF)
  Destination Clock: clk rising

  Data Path: reset to a/count_16
                                Gate     Net
    Cell:in->out      fanout   Delay   Delay  Logical Name (Net Name)
    ----------------------------------------  ------------
     IBUF:I->O            18   1.222   1.049  reset_IBUF (reset_IBUF)
     FDC:CLR                   0.430          a/Z
    ----------------------------------------
    Total                      2.701ns (1.652ns logic, 1.049ns route)
                                       (61.2% logic, 38.8% route)

=========================================================================
Timing constraint: Default OFFSET OUT AFTER for Clock 'a/Z'
  Total number of paths / destination ports: 1 / 1
-------------------------------------------------------------------------
Offset:              3.668ns (Levels of Logic = 1)
  Source:            y (FF)
  Destination:       out (PAD)
  Source Clock:      a/Z rising

  Data Path: y to out
                                Gate     Net
    Cell:in->out      fanout   Delay   Delay  Logical Name (Net Name)
    ----------------------------------------  ------------
     FD:C->Q               3   0.447   0.650  y (y)
     OBUF:I->O                 2.571          out_OBUF (out)
    ----------------------------------------
    Total                      3.668ns (3.018ns logic, 0.650ns route)
                                       (82.3% logic, 17.7% route)

=========================================================================
Timing constraint: Default OFFSET OUT AFTER for Clock 'clk'
  Total number of paths / destination ports: 1 / 1
-------------------------------------------------------------------------
Offset:              3.634ns (Levels of Logic = 1)
  Source:            a/Z (FF)
  Destination:       chk (PAD)
  Source Clock:      clk rising

  Data Path: a/Z to chk
                                Gate     Net
    Cell:in->out      fanout   Delay   Delay  Logical Name (Net Name)
    ----------------------------------------  ------------
     FDC:C->Q              2   0.447   0.616  a/Z (a/Z)
     OBUF:I->O                 2.571          chk_OBUF (chk)
    ----------------------------------------
    Total                      3.634ns (3.018ns logic, 0.616ns route)
                                       (83.0% logic, 17.0% route)

=========================================================================

Cross Clock Domains Report:
--------------------------

Clock to Setup on destination clock a/Z
---------------+---------+---------+---------+---------+
               | Src:Rise| Src:Fall| Src:Rise| Src:Fall|
Source Clock   |Dest:Rise|Dest:Rise|Dest:Fall|Dest:Fall|
---------------+---------+---------+---------+---------+
a/Z            |    5.366|         |         |         |
---------------+---------+---------+---------+---------+

Clock to Setup on destination clock clk
---------------+---------+---------+---------+---------+
               | Src:Rise| Src:Fall| Src:Rise| Src:Fall|
Source Clock   |Dest:Rise|Dest:Rise|Dest:Fall|Dest:Fall|
---------------+---------+---------+---------+---------+
clk            |    4.101|         |         |         |
---------------+---------+---------+---------+---------+

=========================================================================


Total REAL time to Xst completion: 20.00 secs
Total CPU time to Xst completion: 19.95 secs
 
--> 

Total memory usage is 279268 kilobytes

Number of errors   :    0 (   0 filtered)
Number of warnings :   18 (   0 filtered)
Number of infos    :    1 (   0 filtered)

