
****** PlanAhead v14.7 (64-bit)
  **** Build 321239 by xbuild on Fri Sep 27 19:29:51 MDT 2013
    ** Copyright 1986-1999, 2001-2013 Xilinx, Inc. All Rights Reserved.

INFO: [Common 17-78] Attempting to get a license: PlanAhead
INFO: [Common 17-290] Got license for PlanAhead
INFO: [Device 21-36] Loading parts and site information from C:/Xilinx/14.7/ISE_DS/PlanAhead/data/parts/arch.xml
Parsing RTL primitives file [C:/Xilinx/14.7/ISE_DS/PlanAhead/data/parts/xilinx/rtl/prims/rtl_prims.xml]
Finished parsing RTL primitives file [C:/Xilinx/14.7/ISE_DS/PlanAhead/data/parts/xilinx/rtl/prims/rtl_prims.xml]
start_gui
source E:/OneDrive/Documents/ComputerDesign1/pa.fromHdl.tcl
# create_project -name ComputerDesign1 -dir "E:/OneDrive/Documents/ComputerDesign1/planAhead_run_1" -part xc6slx16csg324-3
create_project: Time (s): elapsed = 00:00:05 . Memory (MB): peak = 414.004 ; gain = 70.945
# set_param project.pinAheadLayout yes
# set srcset [get_property srcset [current_run -impl]]
# set_property target_constrs_file "NewVgaController.ucf" [current_fileset -constrset]
Adding file 'E:/OneDrive/Documents/ComputerDesign1/NewVgaController.ucf' to fileset 'constrs_1'
# set hdlfile [add_files [list {NewVgaController.v}]]
# set_property file_type Verilog $hdlfile
# set_property library work $hdlfile
# set_property top NewVgaController $srcset
# add_files [list {NewVgaController.ucf}] -fileset [get_property constrset [current_run]]
# add_files [list {ipcore_dir/gBuff.ncf}] -fileset [get_property constrset [current_run]]
# add_files [list {ipcore_dir/textBuff.ncf}] -fileset [get_property constrset [current_run]]
# open_rtl_design -part xc6slx16csg324-3
Using Verific elaboration
Parsing VHDL file "C:/Xilinx/14.7/ISE_DS/PlanAhead/data/parts/xilinx/rtl/lib/synplify/synattr.vhd" into library synplify
Analyzing Verilog file "E:/OneDrive/Documents/ComputerDesign1/NewVgaController.v" into library work
Loading clock regions from C:/Xilinx/14.7/ISE_DS/PlanAhead/data\parts/xilinx/spartan6/spartan6lx/xc6slx16/ClockRegion.xml
Loading clock buffers from C:/Xilinx/14.7/ISE_DS/PlanAhead/data\parts/xilinx/spartan6/spartan6lx/xc6slx16/ClockBuffers.xml
Loading package pin functions from C:/Xilinx/14.7/ISE_DS/PlanAhead/data\parts/xilinx/spartan6/PinFunctions.xml...
Loading package from C:/Xilinx/14.7/ISE_DS/PlanAhead/data\parts/xilinx/spartan6/spartan6lx/xc6slx16/csg324/Package.xml
Loading io standards from C:/Xilinx/14.7/ISE_DS/PlanAhead/data\./parts/xilinx/spartan6/IOStandards.xml
Loading device configuration modes from C:/Xilinx/14.7/ISE_DS/PlanAhead/data\parts/xilinx/spartan6/ConfigModes.xml
Loading list of drcs for the architecture : C:/Xilinx/14.7/ISE_DS/PlanAhead/data\./parts/xilinx/spartan6/drc.xml
Parsing UCF File [E:/OneDrive/Documents/ComputerDesign1/NewVgaController.ucf]
Finished Parsing UCF File [E:/OneDrive/Documents/ComputerDesign1/NewVgaController.ucf]
INFO: [Project 1-111] Unisim Transformation Summary:
No Unisim elements were transformed.

Phase 0 | Netlist Checksum: 8afb9ab5
open_rtl_design: Time (s): elapsed = 00:00:24 . Memory (MB): peak = 644.988 ; gain = 222.289
update_compile_order -fileset sim_1
exit
ERROR: [Common 17-39] 'stop_gui' failed due to earlier errors.
INFO: [Common 17-206] Exiting PlanAhead at Thu Sep 29 14:30:06 2016...
INFO: [Common 17-83] Releasing license: PlanAhead
