Command line:
   DataInputHandler_isim_beh.exe
     -simmode  gui
     -simrunnum  0
     -socket  1280

Wed Oct 19 23:25:55 2016


 Elaboration Time: 0.109375 sec

 Current Memory Usage: 850.309 Meg

 Total Signals          : 525
 Total Nets             : 2022
 Total Signal Drivers   : 107
 Total Blocks           : 9
 Total Primitive Blocks : 4
 Total Processes        : 146
 Total Traceable Variables  : 507
 Total Scalar Nets and Variables : 15699
Total Line Count : 338

 Total Simulation Time: 0.15625 sec

 Current Memory Usage: 693.023 Meg

Wed Oct 19 23:27:36 2016

